2018-11-19 00:23:59,140 INFO:________________________ OWLIE STARTED __________________________
2018-11-19 00:23:59,142 WARNING:PyNaCl is not installed, voice will NOT be supported
2018-11-19 00:23:59,142 INFO:on_ready has successfully been registered as an event
2018-11-19 00:23:59,143 INFO:on_message has successfully been registered as an event
2018-11-19 00:23:59,143 INFO:when_mentioned has successfully been registered as an event
2018-11-19 00:23:59,143 INFO:on_member_join has successfully been registered as an event
2018-11-19 00:23:59,143 INFO:on_member_remove has successfully been registered as an event
2018-11-19 00:23:59,144 INFO:logging in using static token
2018-11-19 00:23:59,823 INFO:Created websocket connected to wss://gateway.discord.gg?encoding=json&v=6
2018-11-19 00:23:59,828 INFO:sent the identify payload to create the websocket
2018-11-19 19:43:55,489 INFO:________________________ OWLIE STARTED __________________________
2018-11-19 19:43:55,491 WARNING:PyNaCl is not installed, voice will NOT be supported
2018-11-19 19:43:55,491 INFO:on_ready has successfully been registered as an event
2018-11-19 19:43:55,491 INFO:on_message has successfully been registered as an event
2018-11-19 19:43:55,492 INFO:when_mentioned has successfully been registered as an event
2018-11-19 19:43:55,492 INFO:on_member_join has successfully been registered as an event
2018-11-19 19:43:55,492 INFO:on_member_remove has successfully been registered as an event
2018-11-19 19:43:55,492 INFO:logging in using static token
2018-11-19 19:43:56,634 INFO:Created websocket connected to wss://gateway.discord.gg?encoding=json&v=6
2018-11-19 19:43:56,635 INFO:sent the identify payload to create the websocket
2018-11-19 19:44:57,865 INFO:________________________ OWLIE STARTED __________________________
2018-11-19 19:44:57,867 WARNING:PyNaCl is not installed, voice will NOT be supported
2018-11-19 19:44:57,867 INFO:on_ready has successfully been registered as an event
2018-11-19 19:44:57,867 INFO:on_message has successfully been registered as an event
2018-11-19 19:44:57,867 INFO:when_mentioned has successfully been registered as an event
2018-11-19 19:44:57,867 INFO:on_member_join has successfully been registered as an event
2018-11-19 19:44:57,867 INFO:on_member_remove has successfully been registered as an event
2018-11-19 19:44:57,867 INFO:logging in using static token
2018-11-19 19:44:58,780 INFO:Created websocket connected to wss://gateway.discord.gg?encoding=json&v=6
2018-11-19 19:44:58,782 INFO:sent the identify payload to create the websocket
2018-11-19 19:59:46,081 INFO:________________________ OWLIE STARTED __________________________
2018-11-19 19:59:46,085 WARNING:PyNaCl is not installed, voice will NOT be supported
2018-11-19 19:59:46,085 INFO:on_ready has successfully been registered as an event
2018-11-19 19:59:46,085 INFO:on_message has successfully been registered as an event
2018-11-19 19:59:46,086 INFO:when_mentioned has successfully been registered as an event
2018-11-19 19:59:46,086 INFO:on_member_join has successfully been registered as an event
2018-11-19 19:59:46,086 INFO:on_member_remove has successfully been registered as an event
2018-11-19 19:59:46,086 INFO:logging in using static token
2018-11-19 19:59:47,185 INFO:Created websocket connected to wss://gateway.discord.gg?encoding=json&v=6
2018-11-19 19:59:47,187 INFO:sent the identify payload to create the websocket
2018-11-19 20:03:07,257 INFO:________________________ OWLIE STARTED __________________________
2018-11-19 20:03:07,259 WARNING:PyNaCl is not installed, voice will NOT be supported
2018-11-19 20:03:07,261 INFO:on_ready has successfully been registered as an event
2018-11-19 20:03:07,262 INFO:on_message has successfully been registered as an event
2018-11-19 20:03:07,263 INFO:when_mentioned has successfully been registered as an event
2018-11-19 20:03:07,263 INFO:on_member_join has successfully been registered as an event
2018-11-19 20:03:07,263 INFO:on_member_remove has successfully been registered as an event
2018-11-19 20:03:07,263 INFO:logging in using static token
2018-11-19 20:03:08,277 INFO:Created websocket connected to wss://gateway.discord.gg?encoding=json&v=6
2018-11-19 20:03:08,278 INFO:sent the identify payload to create the websocket
2018-11-19 20:04:29,400 INFO:________________________ OWLIE STARTED __________________________
2018-11-19 20:04:29,403 WARNING:PyNaCl is not installed, voice will NOT be supported
2018-11-19 20:04:29,403 INFO:on_ready has successfully been registered as an event
2018-11-19 20:04:29,403 INFO:on_message has successfully been registered as an event
2018-11-19 20:04:29,403 INFO:when_mentioned has successfully been registered as an event
2018-11-19 20:04:29,403 INFO:on_member_join has successfully been registered as an event
2018-11-19 20:04:29,403 INFO:on_member_remove has successfully been registered as an event
2018-11-19 20:04:29,404 INFO:logging in using static token
2018-11-19 20:04:30,302 INFO:Created websocket connected to wss://gateway.discord.gg?encoding=json&v=6
2018-11-19 20:04:30,303 INFO:sent the identify payload to create the websocket
2018-11-19 20:05:15,118 INFO:________________________ OWLIE STARTED __________________________
2018-11-19 20:05:15,120 WARNING:PyNaCl is not installed, voice will NOT be supported
2018-11-19 20:05:15,120 INFO:on_ready has successfully been registered as an event
2018-11-19 20:05:15,120 INFO:on_message has successfully been registered as an event
2018-11-19 20:05:15,120 INFO:when_mentioned has successfully been registered as an event
2018-11-19 20:05:15,120 INFO:on_member_join has successfully been registered as an event
2018-11-19 20:05:15,121 INFO:on_member_remove has successfully been registered as an event
2018-11-19 20:05:15,121 INFO:logging in using static token
2018-11-19 20:05:16,082 INFO:Created websocket connected to wss://gateway.discord.gg?encoding=json&v=6
2018-11-19 20:05:16,083 INFO:sent the identify payload to create the websocket
2018-11-19 20:09:26,764 INFO:________________________ OWLIE STARTED __________________________
2018-11-19 20:09:26,767 WARNING:PyNaCl is not installed, voice will NOT be supported
2018-11-19 20:09:26,767 INFO:on_ready has successfully been registered as an event
2018-11-19 20:09:26,767 INFO:on_message has successfully been registered as an event
2018-11-19 20:09:26,767 INFO:when_mentioned has successfully been registered as an event
2018-11-19 20:09:26,767 INFO:on_member_join has successfully been registered as an event
2018-11-19 20:09:26,767 INFO:on_member_remove has successfully been registered as an event
2018-11-19 20:09:26,767 INFO:logging in using static token
2018-11-19 20:09:27,691 INFO:Created websocket connected to wss://gateway.discord.gg?encoding=json&v=6
2018-11-19 20:09:27,692 INFO:sent the identify payload to create the websocket
2018-11-19 20:09:36,238 INFO:Dragonicious#9311 warned for spam [identical message]: k
2018-11-19 20:10:48,505 INFO:Dragonicious#9311 warned for spam [identical message]: ser
2018-11-19 20:12:24,597 INFO:________________________ OWLIE STARTED __________________________
2018-11-19 20:12:24,599 WARNING:PyNaCl is not installed, voice will NOT be supported
2018-11-19 20:12:24,600 INFO:on_ready has successfully been registered as an event
2018-11-19 20:12:24,600 INFO:on_message has successfully been registered as an event
2018-11-19 20:12:24,600 INFO:when_mentioned has successfully been registered as an event
2018-11-19 20:12:24,600 INFO:on_member_join has successfully been registered as an event
2018-11-19 20:12:24,600 INFO:on_member_remove has successfully been registered as an event
2018-11-19 20:12:24,600 INFO:logging in using static token
2018-11-19 20:12:25,625 INFO:Created websocket connected to wss://gateway.discord.gg?encoding=json&v=6
2018-11-19 20:12:25,653 INFO:sent the identify payload to create the websocket
2018-11-19 20:12:30,653 INFO:Dragonicious#9311 warned for spam [identical message]: fd
2018-11-19 20:12:31,010 INFO:Dragonicious#9311 warned for spam [identical message]: fd
2018-11-19 20:12:43,471 INFO:Dragonicious#9311 warned for spam [identical message]: w
2018-11-19 20:13:31,046 INFO:________________________ OWLIE STARTED __________________________
2018-11-19 20:13:31,048 WARNING:PyNaCl is not installed, voice will NOT be supported
2018-11-19 20:13:31,048 INFO:on_ready has successfully been registered as an event
2018-11-19 20:13:31,049 INFO:on_message has successfully been registered as an event
2018-11-19 20:13:31,049 INFO:when_mentioned has successfully been registered as an event
2018-11-19 20:13:31,049 INFO:on_member_join has successfully been registered as an event
2018-11-19 20:13:31,049 INFO:on_member_remove has successfully been registered as an event
2018-11-19 20:13:31,049 INFO:logging in using static token
2018-11-19 20:13:31,965 INFO:Created websocket connected to wss://gateway.discord.gg?encoding=json&v=6
2018-11-19 20:13:31,966 INFO:sent the identify payload to create the websocket
2018-11-19 20:13:51,224 INFO:Dragonicious#9311 warned for spam [identical message]: <@224886523185725440>  test this out, i guess
2018-11-19 20:14:42,848 INFO:Dragonicious#9311 warned for spam [identical message]: asd
2018-11-19 20:14:44,297 INFO:Dragonicious#9311 warned for spam [identical message]: gr
2018-11-19 20:18:03,031 INFO:Dragonicious#9311 warned for spam [identical message]: g
2018-11-19 20:18:13,077 INFO:Dragonicious#9311 warned for spam [identical message]: saer
2018-11-19 20:44:51,917 INFO:DrakoWerewolf#3676 warned for spam [identical message]: asdfgh
2018-11-19 20:45:10,741 INFO:DrakoWerewolf#3676 warned for spam [identical message]: fdb
2018-11-19 20:45:12,388 INFO:A rate limit bucket has been exhausted (bucket: POST:461535258819690499:None:/channels/{channel_id}/messages, retry: 5.0).
2018-11-19 20:48:22,089 INFO:________________________ OWLIE STARTED __________________________
2018-11-19 20:48:22,091 WARNING:PyNaCl is not installed, voice will NOT be supported
2018-11-19 20:48:22,092 INFO:on_ready has successfully been registered as an event
2018-11-19 20:48:22,092 INFO:on_message has successfully been registered as an event
2018-11-19 20:48:22,092 INFO:when_mentioned has successfully been registered as an event
2018-11-19 20:48:22,092 INFO:on_member_join has successfully been registered as an event
2018-11-19 20:48:22,092 INFO:on_member_remove has successfully been registered as an event
2018-11-19 20:48:22,092 INFO:logging in using static token
2018-11-19 20:48:23,122 INFO:Created websocket connected to wss://gateway.discord.gg?encoding=json&v=6
2018-11-19 20:48:23,124 INFO:sent the identify payload to create the websocket
2018-11-19 20:49:03,513 INFO:DrakoWerewolf#3676 warned for spam [identical message]: fg
2018-11-19 20:59:42,274 INFO:Failing the WebSocket connection: 1011 
2018-11-19 20:59:42,274 INFO:Websocket closed with 1006 (), attempting a reconnect.
2018-11-19 20:59:42,275 INFO:Got ResumeWebSocket
2018-11-19 20:59:42,702 INFO:Created websocket connected to wss://gateway.discord.gg?encoding=json&v=6
2018-11-19 20:59:42,703 INFO:sent the resume payload to create the websocket
2018-11-20 20:03:20,186 INFO:________________________ OWLIE STARTED __________________________
2018-11-20 20:03:20,208 WARNING:PyNaCl is not installed, voice will NOT be supported
2018-11-20 20:03:20,209 INFO:on_ready has successfully been registered as an event
2018-11-20 20:03:20,209 INFO:on_message has successfully been registered as an event
2018-11-20 20:03:20,209 INFO:on_member_join has successfully been registered as an event
2018-11-20 20:03:20,210 INFO:logging in using static token
2018-11-20 20:03:21,259 INFO:Created websocket connected to wss://gateway.discord.gg?encoding=json&v=6
2018-11-20 20:03:21,260 INFO:sent the identify payload to create the websocket
2018-11-20 20:03:54,224 INFO:________________________ OWLIE STARTED __________________________
2018-11-20 20:03:54,226 WARNING:PyNaCl is not installed, voice will NOT be supported
2018-11-20 20:03:54,227 INFO:on_ready has successfully been registered as an event
2018-11-20 20:03:54,227 INFO:on_message has successfully been registered as an event
2018-11-20 20:03:54,227 INFO:on_member_join has successfully been registered as an event
2018-11-20 20:03:54,227 INFO:logging in using static token
2018-11-20 20:03:55,119 INFO:Created websocket connected to wss://gateway.discord.gg?encoding=json&v=6
2018-11-20 20:03:55,120 INFO:sent the identify payload to create the websocket
2018-11-20 20:05:20,599 INFO:________________________ OWLIE STARTED __________________________
2018-11-20 20:05:20,601 WARNING:PyNaCl is not installed, voice will NOT be supported
2018-11-20 20:05:20,601 INFO:on_ready has successfully been registered as an event
2018-11-20 20:05:20,602 INFO:on_message has successfully been registered as an event
2018-11-20 20:05:20,602 INFO:on_member_join has successfully been registered as an event
2018-11-20 20:05:20,602 INFO:logging in using static token
2018-11-20 20:05:21,489 INFO:Created websocket connected to wss://gateway.discord.gg?encoding=json&v=6
2018-11-20 20:05:21,490 INFO:sent the identify payload to create the websocket
2018-11-20 20:06:05,863 INFO:________________________ OWLIE STARTED __________________________
2018-11-20 20:06:05,865 WARNING:PyNaCl is not installed, voice will NOT be supported
2018-11-20 20:06:05,866 INFO:on_ready has successfully been registered as an event
2018-11-20 20:06:05,866 INFO:on_message has successfully been registered as an event
2018-11-20 20:06:05,866 INFO:on_member_join has successfully been registered as an event
2018-11-20 20:06:05,866 INFO:logging in using static token
2018-11-20 20:06:06,770 INFO:Created websocket connected to wss://gateway.discord.gg?encoding=json&v=6
2018-11-20 20:06:06,771 INFO:sent the identify payload to create the websocket
2018-11-20 20:08:13,056 INFO:________________________ OWLIE STARTED __________________________
2018-11-20 20:08:13,058 WARNING:PyNaCl is not installed, voice will NOT be supported
2018-11-20 20:08:13,059 INFO:on_ready has successfully been registered as an event
2018-11-20 20:08:13,059 INFO:on_message has successfully been registered as an event
2018-11-20 20:08:13,059 INFO:on_member_join has successfully been registered as an event
2018-11-20 20:08:13,059 INFO:logging in using static token
2018-11-20 20:08:13,959 INFO:Created websocket connected to wss://gateway.discord.gg?encoding=json&v=6
2018-11-20 20:08:13,960 INFO:sent the identify payload to create the websocket
2018-11-20 20:09:07,977 INFO:________________________ OWLIE STARTED __________________________
2018-11-20 20:09:07,979 WARNING:PyNaCl is not installed, voice will NOT be supported
2018-11-20 20:09:07,980 INFO:on_ready has successfully been registered as an event
2018-11-20 20:09:07,980 INFO:on_message has successfully been registered as an event
2018-11-20 20:09:07,980 INFO:on_member_join has successfully been registered as an event
2018-11-20 20:09:07,980 INFO:logging in using static token
2018-11-20 20:09:08,908 INFO:Created websocket connected to wss://gateway.discord.gg?encoding=json&v=6
2018-11-20 20:09:08,909 INFO:sent the identify payload to create the websocket
2018-11-20 20:09:10,921 INFO:Unhandled event PRESENCES_REPLACE
2018-11-20 20:12:39,441 INFO:________________________ OWLIE STARTED __________________________
2018-11-20 20:12:39,443 WARNING:PyNaCl is not installed, voice will NOT be supported
2018-11-20 20:12:39,443 INFO:on_ready has successfully been registered as an event
2018-11-20 20:12:39,443 INFO:on_message has successfully been registered as an event
2018-11-20 20:12:39,444 INFO:on_member_join has successfully been registered as an event
2018-11-20 20:12:39,444 INFO:logging in using static token
2018-11-20 20:12:40,331 INFO:Created websocket connected to wss://gateway.discord.gg?encoding=json&v=6
2018-11-20 20:12:40,332 INFO:sent the identify payload to create the websocket
2018-11-20 20:23:46,746 INFO:________________________ OWLIE STARTED __________________________
2018-11-20 20:23:46,749 WARNING:PyNaCl is not installed, voice will NOT be supported
2018-11-20 20:23:46,749 INFO:on_ready has successfully been registered as an event
2018-11-20 20:23:46,750 INFO:on_message has successfully been registered as an event
2018-11-20 20:23:46,750 INFO:on_member_join has successfully been registered as an event
2018-11-20 20:23:46,750 INFO:logging in using static token
2018-11-20 20:23:47,821 INFO:Created websocket connected to wss://gateway.discord.gg?encoding=json&v=6
2018-11-20 20:23:47,822 INFO:sent the identify payload to create the websocket
2018-11-20 20:52:03,180 INFO:________________________ OWLIE STARTED __________________________
2018-11-20 20:52:03,183 WARNING:PyNaCl is not installed, voice will NOT be supported
2018-11-20 20:52:03,183 INFO:on_ready has successfully been registered as an event
2018-11-20 20:52:03,183 INFO:on_message has successfully been registered as an event
2018-11-20 20:52:03,184 INFO:on_member_join has successfully been registered as an event
2018-11-20 20:52:03,184 INFO:logging in using static token
2018-11-20 20:52:04,109 INFO:Created websocket connected to wss://gateway.discord.gg?encoding=json&v=6
2018-11-20 20:52:04,110 INFO:sent the identify payload to create the websocket
2018-11-20 20:56:15,181 INFO:________________________ OWLIE STARTED __________________________
2018-11-20 20:56:15,183 WARNING:PyNaCl is not installed, voice will NOT be supported
2018-11-20 20:56:15,184 INFO:on_ready has successfully been registered as an event
2018-11-20 20:56:15,184 INFO:on_message has successfully been registered as an event
2018-11-20 20:56:15,184 INFO:on_member_join has successfully been registered as an event
2018-11-20 20:56:15,184 INFO:logging in using static token
2018-11-20 20:56:16,099 INFO:Created websocket connected to wss://gateway.discord.gg?encoding=json&v=6
2018-11-20 20:56:16,100 INFO:sent the identify payload to create the websocket
